<?xml version="1.0" encoding="UTF-8"?>
<!-- Generated by org.testng.reporters.JUnitXMLReporter -->
<testsuite hostname="DESKTOP-J288E5V" ignored="0" name="Test2" tests="1" failures="1" timestamp="05 Aug 2018 16:58:22 GMT" time="16.172" errors="0">
  <testcase name="BasePageNavigation" time="2.972" classname="DavidAcademy.ValidatePage">
    <failure type="java.lang.AssertionError" message="expected [FeATURED COURSES] but found [FEATURED COURSES]">
      <![CDATA[java.lang.AssertionError: expected [FeATURED COURSES] but found [FEATURED COURSES]
at DavidAcademy.ValidatePage.BasePageNavigation(ValidatePage.java:49)
... Removed 31 stack frames]]>
    </failure>
  </testcase> <!-- BasePageNavigation -->
</testsuite> <!-- Test2 -->
